{"name": "test_add_products_and_checkout", "status": "broken", "statusDetails": {"message": "selenium.common.exceptions.TimeoutException: Message:", "trace": "self = <tests.test_checkout.TestCheckout object at 0x00000166F8FBAAD0>\n\n    def test_add_products_and_checkout(self):\n        with open(\"testsetting.json\") as f:\n            config = json.load(f)\n    \n        self.driver.get(config[\"base_url\"])\n    \n        # Login\n        login = LoginPage(self.driver)\n        login.login(config[\"username\"], config[\"password\"])\n    \n        # Add 3 items\n        inventory = InventoryPage(self.driver)\n        inventory.add_products_to_cart(3)\n        inventory.go_to_cart()\n    \n        # Go to checkout\n        cart = CartPage(self.driver)\n        cart.click_checkout()\n    \n        # Fill info & finish\n        checkout = CheckoutPage(self.driver)\n>       checkout.fill_checkout_info(\"John\", \"Doe\", \"70000\")\n\ntests\\test_checkout.py:36: \n_ _ _ _ _ _ _ _ _ _ _ _ _ _ _ _ _ _ _ _ _ _ _ _ _ _ _ _ _ _ _ _ _ _ _ _ _ _ _ _ _ _ _ _ _ _ _ _ _ _ _ _ _ _ _ _ _ _ _ _ _ _ _ _ _ _ _ _ _ _ _ _ _ _ _ _ _ _ _ _ _ _ _ _ _ _ _ _ _ _ _ _ _ _ _ _ _ _ _ _ _ _ _ _ _ _ _ _ _ _ _ _ _ _ _ _ _ _ _ _ _ _ _ _ _ _ _ _ _ _ _ _ _ _ _ _ _ _ _ _\npages\\checkout_page.py:26: in fill_checkout_info\n    WebDriverWait(self.driver, 10).until(\n_ _ _ _ _ _ _ _ _ _ _ _ _ _ _ _ _ _ _ _ _ _ _ _ _ _ _ _ _ _ _ _ _ _ _ _ _ _ _ _ _ _ _ _ _ _ _ _ _ _ _ _ _ _ _ _ _ _ _ _ _ _ _ _ _ _ _ _ _ _ _ _ _ _ _ _ _ _ _ _ _ _ _ _ _ _ _ _ _ _ _ _ _ _ _ _ _ _ _ _ _ _ _ _ _ _ _ _ _ _ _ _ _ _ _ _ _ _ _ _ _ _ _ _ _ _ _ _ _ _ _ _ _ _ _ _ _ _ _ _\n\nself = <selenium.webdriver.support.wait.WebDriverWait (session=\"861bcf4249a5158103dd7d626a2387af\")>, method = <function url_contains.<locals>._predicate at 0x00000166F9051620>, message = ''\n\n    def until(self, method: Callable[[D], Union[Literal[False], T]], message: str = \"\") -> T:\n        \"\"\"Wait until the method returns a value that is not False.\n    \n        Calls the method provided with the driver as an argument until the\n        return value does not evaluate to ``False``.\n    \n        Parameters:\n        -----------\n        method: callable(WebDriver)\n            - A callable object that takes a WebDriver instance as an argument.\n    \n        message: str\n            - Optional message for :exc:`TimeoutException`\n    \n        Return:\n        -------\n        object: T\n            - The result of the last call to `method`\n    \n        Raises:\n        -------\n        TimeoutException\n            - If 'method' does not return a truthy value within the WebDriverWait\n            object's timeout\n    \n        Example:\n        --------\n        >>> from selenium.webdriver.common.by import By\n        >>> from selenium.webdriver.support.ui import WebDriverWait\n        >>> from selenium.webdriver.support import expected_conditions as EC\n    \n        # Wait until an element is visible on the page\n        >>> wait = WebDriverWait(driver, 10)\n        >>> element = wait.until(EC.visibility_of_element_located((By.ID, \"exampleId\")))\n        >>> print(element.text)\n        \"\"\"\n        screen = None\n        stacktrace = None\n    \n        end_time = time.monotonic() + self._timeout\n        while True:\n            try:\n                value = method(self._driver)\n                if value:\n                    return value\n            except self._ignored_exceptions as exc:\n                screen = getattr(exc, \"screen\", None)\n                stacktrace = getattr(exc, \"stacktrace\", None)\n            if time.monotonic() > end_time:\n                break\n            time.sleep(self._poll)\n>       raise TimeoutException(message, screen, stacktrace)\nE       selenium.common.exceptions.TimeoutException: Message:\n\n..\\..\\..\\AppData\\Local\\Programs\\Python\\Python313\\Lib\\site-packages\\selenium\\webdriver\\support\\wait.py:138: TimeoutException"}, "start": 1753611802496, "stop": 1753611813773, "uuid": "a3b0e9e2-0b83-4971-b4da-89c5f990127d", "historyId": "fc3ac0b1ae094a15ae71934c17642b25", "testCaseId": "fc3ac0b1ae094a15ae71934c17642b25", "fullName": "tests.test_checkout.TestCheckout#test_add_products_and_checkout", "labels": [{"name": "parentSuite", "value": "tests"}, {"name": "suite", "value": "test_checkout"}, {"name": "subSuite", "value": "TestCheckout"}, {"name": "host", "value": "AnhHuy"}, {"name": "thread", "value": "21808-MainThread"}, {"name": "framework", "value": "pytest"}, {"name": "language", "value": "cpython3"}, {"name": "package", "value": "tests.test_checkout"}]}